14:53:57.077 [main] DEBUG org.apache.poi.openxml4j.opc.PackageRelationshipCollection - Parsing relationship: /_rels/.rels
14:53:57.087 [main] DEBUG org.apache.poi.ooxml.POIXMLFactory - using default POIXMLDocumentPart for http://www.wps.cn/officeDocument/2023/relationships/customStorage
14:53:57.098 [main] DEBUG org.apache.poi.openxml4j.opc.PackageRelationshipCollection - Parsing relationship: /xl/_rels/workbook.xml.rels
14:53:57.099 [main] DEBUG org.apache.poi.openxml4j.opc.PackageRelationshipCollection - Parsing relationship: /xl/worksheets/_rels/sheet1.xml.rels
14:53:57.100 [main] DEBUG org.apache.poi.openxml4j.opc.PackageRelationshipCollection - Parsing relationship: /_rels/.rels
14:53:57.109 [main] DEBUG org.apache.poi.ooxml.POIXMLFactory - using default POIXMLDocumentPart for http://www.wps.cn/officeDocument/2023/relationships/customStorage
14:53:57.119 [main] DEBUG org.apache.poi.openxml4j.opc.PackageRelationshipCollection - Parsing relationship: /xl/_rels/workbook.xml.rels
14:53:57.120 [main] DEBUG org.apache.poi.openxml4j.opc.PackageRelationshipCollection - Parsing relationship: /xl/worksheets/_rels/sheet1.xml.rels
14:53:57.121 [main] DEBUG org.apache.poi.openxml4j.opc.PackageRelationshipCollection - Parsing relationship: /_rels/.rels
14:53:57.136 [main] DEBUG org.apache.poi.ooxml.POIXMLFactory - using default POIXMLDocumentPart for http://www.wps.cn/officeDocument/2023/relationships/customStorage
14:53:57.147 [main] DEBUG org.apache.poi.openxml4j.opc.PackageRelationshipCollection - Parsing relationship: /xl/_rels/workbook.xml.rels
14:53:57.148 [main] DEBUG org.apache.poi.openxml4j.opc.PackageRelationshipCollection - Parsing relationship: /xl/worksheets/_rels/sheet1.xml.rels
14:53:57.149 [main] DEBUG org.apache.poi.openxml4j.opc.PackageRelationshipCollection - Parsing relationship: /_rels/.rels
14:53:57.160 [main] DEBUG org.apache.poi.ooxml.POIXMLFactory - using default POIXMLDocumentPart for http://www.wps.cn/officeDocument/2023/relationships/customStorage
14:53:58.694 [main] INFO  testCases.TC0003_LoginWithExcelDataTest - ********Email*******ashitosh@gmail.com
14:53:58.694 [main] INFO  testCases.TC0003_LoginWithExcelDataTest - *********PWD******12345
14:53:58.757 [main] INFO  testCases.TC0003_LoginWithExcelDataTest - ******* Res :Valid
14:53:59.551 [main] INFO  testCases.TC0003_LoginWithExcelDataTest - TestCase Passed
14:54:10.324 [main] INFO  testCases.TC0003_LoginWithExcelDataTest - ********Email*******bob
14:54:10.325 [main] INFO  testCases.TC0003_LoginWithExcelDataTest - *********PWD******bobpwd
14:54:21.628 [main] INFO  testCases.TC0003_LoginWithExcelDataTest - ********Email*******ashitosh1@gmail.com
14:54:21.628 [main] INFO  testCases.TC0003_LoginWithExcelDataTest - *********PWD******12345
14:54:22.415 [main] INFO  testCases.TC0003_LoginWithExcelDataTest - ******* Res :Valid
14:54:23.235 [main] INFO  testCases.TC0003_LoginWithExcelDataTest - TestCase Passed
14:54:34.041 [main] INFO  testCases.TC0003_LoginWithExcelDataTest - ********Email*******ashitosh3@gmail.com
14:54:34.041 [main] INFO  testCases.TC0003_LoginWithExcelDataTest - *********PWD******12345
14:54:34.984 [main] INFO  testCases.TC0003_LoginWithExcelDataTest - ******* Res :Valid
14:54:35.778 [main] INFO  testCases.TC0003_LoginWithExcelDataTest - TestCase Passed
14:54:46.630 [main] INFO  testCases.TC0003_LoginWithExcelDataTest - ********Email*******eve
14:54:46.630 [main] INFO  testCases.TC0003_LoginWithExcelDataTest - *********PWD******eve!secure
