14:51:04.944 [main] DEBUG org.apache.poi.openxml4j.opc.PackageRelationshipCollection - Parsing relationship: /_rels/.rels
14:51:04.962 [main] DEBUG org.apache.poi.ooxml.POIXMLFactory - using default POIXMLDocumentPart for http://www.wps.cn/officeDocument/2023/relationships/customStorage
14:51:04.972 [main] DEBUG org.apache.poi.openxml4j.opc.PackageRelationshipCollection - Parsing relationship: /xl/_rels/workbook.xml.rels
14:51:04.973 [main] DEBUG org.apache.poi.openxml4j.opc.PackageRelationshipCollection - Parsing relationship: /xl/worksheets/_rels/sheet1.xml.rels
14:51:04.975 [main] DEBUG org.apache.poi.openxml4j.opc.PackageRelationshipCollection - Parsing relationship: /_rels/.rels
14:51:04.986 [main] DEBUG org.apache.poi.ooxml.POIXMLFactory - using default POIXMLDocumentPart for http://www.wps.cn/officeDocument/2023/relationships/customStorage
14:51:04.994 [main] DEBUG org.apache.poi.openxml4j.opc.PackageRelationshipCollection - Parsing relationship: /xl/_rels/workbook.xml.rels
14:51:04.996 [main] DEBUG org.apache.poi.openxml4j.opc.PackageRelationshipCollection - Parsing relationship: /xl/worksheets/_rels/sheet1.xml.rels
14:51:04.997 [main] DEBUG org.apache.poi.openxml4j.opc.PackageRelationshipCollection - Parsing relationship: /_rels/.rels
14:51:05.005 [main] DEBUG org.apache.poi.ooxml.POIXMLFactory - using default POIXMLDocumentPart for http://www.wps.cn/officeDocument/2023/relationships/customStorage
14:51:05.017 [main] DEBUG org.apache.poi.openxml4j.opc.PackageRelationshipCollection - Parsing relationship: /xl/_rels/workbook.xml.rels
14:51:05.018 [main] DEBUG org.apache.poi.openxml4j.opc.PackageRelationshipCollection - Parsing relationship: /xl/worksheets/_rels/sheet1.xml.rels
14:51:05.019 [main] DEBUG org.apache.poi.openxml4j.opc.PackageRelationshipCollection - Parsing relationship: /_rels/.rels
14:51:05.030 [main] DEBUG org.apache.poi.ooxml.POIXMLFactory - using default POIXMLDocumentPart for http://www.wps.cn/officeDocument/2023/relationships/customStorage
14:51:06.453 [main] INFO  testCases.TC0003_LoginWithExcelDataTest - ********Email*******ashitosh@gmail.com
14:51:06.453 [main] INFO  testCases.TC0003_LoginWithExcelDataTest - *********PWD******12345
14:51:06.515 [main] INFO  testCases.TC0003_LoginWithExcelDataTest - ******* Res :Valid
14:51:07.421 [main] INFO  testCases.TC0003_LoginWithExcelDataTest - TestCase Passed
14:51:18.190 [main] INFO  testCases.TC0003_LoginWithExcelDataTest - ********Email*******bob
14:51:18.190 [main] INFO  testCases.TC0003_LoginWithExcelDataTest - *********PWD******bobpwd
14:51:29.550 [main] INFO  testCases.TC0003_LoginWithExcelDataTest - ********Email*******ashitosh1@gmail.com
14:51:29.550 [main] INFO  testCases.TC0003_LoginWithExcelDataTest - *********PWD******12345
14:51:30.347 [main] INFO  testCases.TC0003_LoginWithExcelDataTest - ******* Res :Valid
14:51:31.221 [main] INFO  testCases.TC0003_LoginWithExcelDataTest - TestCase Passed
14:51:42.044 [main] INFO  testCases.TC0003_LoginWithExcelDataTest - ********Email*******ashitosh3@gmail.com
14:51:42.044 [main] INFO  testCases.TC0003_LoginWithExcelDataTest - *********PWD******12345
14:51:42.889 [main] INFO  testCases.TC0003_LoginWithExcelDataTest - ******* Res :Valid
14:51:43.873 [main] INFO  testCases.TC0003_LoginWithExcelDataTest - TestCase Passed
14:51:54.618 [main] INFO  testCases.TC0003_LoginWithExcelDataTest - ********Email*******eve
14:51:54.619 [main] INFO  testCases.TC0003_LoginWithExcelDataTest - *********PWD******eve!secure
