14:08:33.339 [main] DEBUG org.apache.poi.openxml4j.opc.PackageRelationshipCollection - Parsing relationship: /_rels/.rels
14:08:33.351 [main] DEBUG org.apache.poi.ooxml.POIXMLFactory - using default POIXMLDocumentPart for http://www.wps.cn/officeDocument/2023/relationships/customStorage
14:08:33.362 [main] DEBUG org.apache.poi.openxml4j.opc.PackageRelationshipCollection - Parsing relationship: /xl/_rels/workbook.xml.rels
14:08:33.363 [main] DEBUG org.apache.poi.openxml4j.opc.PackageRelationshipCollection - Parsing relationship: /xl/worksheets/_rels/sheet1.xml.rels
14:08:33.365 [main] DEBUG org.apache.poi.openxml4j.opc.PackageRelationshipCollection - Parsing relationship: /_rels/.rels
14:08:33.376 [main] DEBUG org.apache.poi.ooxml.POIXMLFactory - using default POIXMLDocumentPart for http://www.wps.cn/officeDocument/2023/relationships/customStorage
14:08:33.384 [main] DEBUG org.apache.poi.openxml4j.opc.PackageRelationshipCollection - Parsing relationship: /xl/_rels/workbook.xml.rels
14:08:33.385 [main] DEBUG org.apache.poi.openxml4j.opc.PackageRelationshipCollection - Parsing relationship: /xl/worksheets/_rels/sheet1.xml.rels
14:08:33.386 [main] DEBUG org.apache.poi.openxml4j.opc.PackageRelationshipCollection - Parsing relationship: /_rels/.rels
14:08:33.398 [main] DEBUG org.apache.poi.ooxml.POIXMLFactory - using default POIXMLDocumentPart for http://www.wps.cn/officeDocument/2023/relationships/customStorage
14:08:33.410 [main] DEBUG org.apache.poi.openxml4j.opc.PackageRelationshipCollection - Parsing relationship: /xl/_rels/workbook.xml.rels
14:08:33.412 [main] DEBUG org.apache.poi.openxml4j.opc.PackageRelationshipCollection - Parsing relationship: /xl/worksheets/_rels/sheet1.xml.rels
14:08:33.413 [main] DEBUG org.apache.poi.openxml4j.opc.PackageRelationshipCollection - Parsing relationship: /_rels/.rels
14:08:33.422 [main] DEBUG org.apache.poi.ooxml.POIXMLFactory - using default POIXMLDocumentPart for http://www.wps.cn/officeDocument/2023/relationships/customStorage
14:08:34.202 [main] INFO  testCases.TC0003_LoginWithExcelDataTest - ********Email*******ashitosh@gmail.com
14:08:34.202 [main] INFO  testCases.TC0003_LoginWithExcelDataTest - *********PWD******12345
14:08:34.995 [main] INFO  testCases.TC0003_LoginWithExcelDataTest - ******* Res :Valid
14:08:35.904 [main] INFO  testCases.TC0003_LoginWithExcelDataTest - TestCase Passed
14:08:47.359 [main] INFO  testCases.TC0003_LoginWithExcelDataTest - ********Email*******bob
14:08:47.359 [main] INFO  testCases.TC0003_LoginWithExcelDataTest - *********PWD******bobpwd
14:08:58.025 [main] INFO  testCases.TC0003_LoginWithExcelDataTest - ********Email*******ashitosh1@gmail.com
14:08:58.025 [main] INFO  testCases.TC0003_LoginWithExcelDataTest - *********PWD******12345
14:08:58.739 [main] INFO  testCases.TC0003_LoginWithExcelDataTest - ******* Res :Valid
14:08:59.569 [main] INFO  testCases.TC0003_LoginWithExcelDataTest - TestCase Passed
14:09:10.426 [main] INFO  testCases.TC0003_LoginWithExcelDataTest - ********Email*******ashitosh3@gmail.com
14:09:10.427 [main] INFO  testCases.TC0003_LoginWithExcelDataTest - *********PWD******12345
14:09:11.139 [main] INFO  testCases.TC0003_LoginWithExcelDataTest - ******* Res :Valid
14:09:12.061 [main] INFO  testCases.TC0003_LoginWithExcelDataTest - TestCase Passed
14:09:23.418 [main] INFO  testCases.TC0003_LoginWithExcelDataTest - ********Email*******eve
14:09:23.419 [main] INFO  testCases.TC0003_LoginWithExcelDataTest - *********PWD******eve!secure
