14:11:14.130 [main] DEBUG org.apache.poi.openxml4j.opc.PackageRelationshipCollection - Parsing relationship: /_rels/.rels
14:11:14.142 [main] DEBUG org.apache.poi.ooxml.POIXMLFactory - using default POIXMLDocumentPart for http://www.wps.cn/officeDocument/2023/relationships/customStorage
14:11:14.153 [main] DEBUG org.apache.poi.openxml4j.opc.PackageRelationshipCollection - Parsing relationship: /xl/_rels/workbook.xml.rels
14:11:14.155 [main] DEBUG org.apache.poi.openxml4j.opc.PackageRelationshipCollection - Parsing relationship: /xl/worksheets/_rels/sheet1.xml.rels
14:11:14.156 [main] DEBUG org.apache.poi.openxml4j.opc.PackageRelationshipCollection - Parsing relationship: /_rels/.rels
14:11:14.166 [main] DEBUG org.apache.poi.ooxml.POIXMLFactory - using default POIXMLDocumentPart for http://www.wps.cn/officeDocument/2023/relationships/customStorage
14:11:14.175 [main] DEBUG org.apache.poi.openxml4j.opc.PackageRelationshipCollection - Parsing relationship: /xl/_rels/workbook.xml.rels
14:11:14.176 [main] DEBUG org.apache.poi.openxml4j.opc.PackageRelationshipCollection - Parsing relationship: /xl/worksheets/_rels/sheet1.xml.rels
14:11:14.177 [main] DEBUG org.apache.poi.openxml4j.opc.PackageRelationshipCollection - Parsing relationship: /_rels/.rels
14:11:14.187 [main] DEBUG org.apache.poi.ooxml.POIXMLFactory - using default POIXMLDocumentPart for http://www.wps.cn/officeDocument/2023/relationships/customStorage
14:11:14.196 [main] DEBUG org.apache.poi.openxml4j.opc.PackageRelationshipCollection - Parsing relationship: /xl/_rels/workbook.xml.rels
14:11:14.197 [main] DEBUG org.apache.poi.openxml4j.opc.PackageRelationshipCollection - Parsing relationship: /xl/worksheets/_rels/sheet1.xml.rels
14:11:14.198 [main] DEBUG org.apache.poi.openxml4j.opc.PackageRelationshipCollection - Parsing relationship: /_rels/.rels
14:11:14.210 [main] DEBUG org.apache.poi.ooxml.POIXMLFactory - using default POIXMLDocumentPart for http://www.wps.cn/officeDocument/2023/relationships/customStorage
14:11:15.823 [main] INFO  testCases.TC0003_LoginWithExcelDataTest - ********Email*******ashitosh@gmail.com
14:11:15.823 [main] INFO  testCases.TC0003_LoginWithExcelDataTest - *********PWD******12345
14:11:15.873 [main] INFO  testCases.TC0003_LoginWithExcelDataTest - ******* Res :Valid
14:11:16.667 [main] INFO  testCases.TC0003_LoginWithExcelDataTest - TestCase Passed
14:11:28.209 [main] INFO  testCases.TC0003_LoginWithExcelDataTest - ********Email*******bob
14:11:28.209 [main] INFO  testCases.TC0003_LoginWithExcelDataTest - *********PWD******bobpwd
14:11:39.057 [main] INFO  testCases.TC0003_LoginWithExcelDataTest - ********Email*******ashitosh1@gmail.com
14:11:39.057 [main] INFO  testCases.TC0003_LoginWithExcelDataTest - *********PWD******12345
14:11:39.816 [main] INFO  testCases.TC0003_LoginWithExcelDataTest - ******* Res :Valid
14:11:40.717 [main] INFO  testCases.TC0003_LoginWithExcelDataTest - TestCase Passed
14:11:51.481 [main] INFO  testCases.TC0003_LoginWithExcelDataTest - ********Email*******ashitosh3@gmail.com
14:11:51.481 [main] INFO  testCases.TC0003_LoginWithExcelDataTest - *********PWD******12345
14:11:52.198 [main] INFO  testCases.TC0003_LoginWithExcelDataTest - ******* Res :Valid
14:11:53.017 [main] INFO  testCases.TC0003_LoginWithExcelDataTest - TestCase Passed
14:12:03.842 [main] INFO  testCases.TC0003_LoginWithExcelDataTest - ********Email*******eve
14:12:03.843 [main] INFO  testCases.TC0003_LoginWithExcelDataTest - *********PWD******eve!secure
