21:59:31.629 [main] DEBUG org.apache.poi.openxml4j.opc.PackageRelationshipCollection - Parsing relationship: /_rels/.rels
21:59:31.646 [main] DEBUG org.apache.poi.ooxml.POIXMLFactory - using default POIXMLDocumentPart for http://www.wps.cn/officeDocument/2023/relationships/customStorage
21:59:31.670 [main] DEBUG org.apache.poi.openxml4j.opc.PackageRelationshipCollection - Parsing relationship: /xl/_rels/workbook.xml.rels
21:59:31.671 [main] DEBUG org.apache.poi.openxml4j.opc.PackageRelationshipCollection - Parsing relationship: /xl/worksheets/_rels/sheet1.xml.rels
21:59:31.673 [main] DEBUG org.apache.poi.openxml4j.opc.PackageRelationshipCollection - Parsing relationship: /_rels/.rels
21:59:31.692 [main] DEBUG org.apache.poi.ooxml.POIXMLFactory - using default POIXMLDocumentPart for http://www.wps.cn/officeDocument/2023/relationships/customStorage
21:59:31.707 [main] DEBUG org.apache.poi.openxml4j.opc.PackageRelationshipCollection - Parsing relationship: /xl/_rels/workbook.xml.rels
21:59:31.709 [main] DEBUG org.apache.poi.openxml4j.opc.PackageRelationshipCollection - Parsing relationship: /xl/worksheets/_rels/sheet1.xml.rels
21:59:31.710 [main] DEBUG org.apache.poi.openxml4j.opc.PackageRelationshipCollection - Parsing relationship: /_rels/.rels
21:59:31.725 [main] DEBUG org.apache.poi.ooxml.POIXMLFactory - using default POIXMLDocumentPart for http://www.wps.cn/officeDocument/2023/relationships/customStorage
21:59:31.743 [main] DEBUG org.apache.poi.openxml4j.opc.PackageRelationshipCollection - Parsing relationship: /xl/_rels/workbook.xml.rels
21:59:31.745 [main] DEBUG org.apache.poi.openxml4j.opc.PackageRelationshipCollection - Parsing relationship: /xl/worksheets/_rels/sheet1.xml.rels
21:59:31.747 [main] DEBUG org.apache.poi.openxml4j.opc.PackageRelationshipCollection - Parsing relationship: /_rels/.rels
21:59:31.766 [main] DEBUG org.apache.poi.ooxml.POIXMLFactory - using default POIXMLDocumentPart for http://www.wps.cn/officeDocument/2023/relationships/customStorage
21:59:32.792 [main] INFO  testCases.TC0003_LoginWithExcelDataTest - ********Email*******ashitosh@gmail.com
21:59:32.792 [main] INFO  testCases.TC0003_LoginWithExcelDataTest - *********PWD******12345
21:59:32.794 [main] INFO  testCases.TC0003_LoginWithExcelDataTest - ******* Res :Valid
21:59:45.820 [main] INFO  testCases.TC0003_LoginWithExcelDataTest - ********Email*******bob
21:59:45.820 [main] INFO  testCases.TC0003_LoginWithExcelDataTest - *********PWD******bobpwd
21:59:47.219 [main] INFO  testCases.TC0003_LoginWithExcelDataTest - ********Email*******ashitosh1@gmail.com
21:59:47.220 [main] INFO  testCases.TC0003_LoginWithExcelDataTest - *********PWD******12345
21:59:47.221 [main] INFO  testCases.TC0003_LoginWithExcelDataTest - ******* Res :Valid
22:00:00.407 [main] INFO  testCases.TC0003_LoginWithExcelDataTest - ********Email*******ashitosh3@gmail.com
22:00:00.409 [main] INFO  testCases.TC0003_LoginWithExcelDataTest - *********PWD******12345
22:00:00.409 [main] INFO  testCases.TC0003_LoginWithExcelDataTest - ******* Res :Valid
22:00:15.514 [main] INFO  testCases.TC0003_LoginWithExcelDataTest - ********Email*******eve
22:00:15.515 [main] INFO  testCases.TC0003_LoginWithExcelDataTest - *********PWD******eve!secure
