14:17:08.023 [main] DEBUG org.apache.poi.openxml4j.opc.PackageRelationshipCollection - Parsing relationship: /_rels/.rels
14:17:08.035 [main] DEBUG org.apache.poi.ooxml.POIXMLFactory - using default POIXMLDocumentPart for http://www.wps.cn/officeDocument/2023/relationships/customStorage
14:17:08.044 [main] DEBUG org.apache.poi.openxml4j.opc.PackageRelationshipCollection - Parsing relationship: /xl/_rels/workbook.xml.rels
14:17:08.045 [main] DEBUG org.apache.poi.openxml4j.opc.PackageRelationshipCollection - Parsing relationship: /xl/worksheets/_rels/sheet1.xml.rels
14:17:08.047 [main] DEBUG org.apache.poi.openxml4j.opc.PackageRelationshipCollection - Parsing relationship: /_rels/.rels
14:17:08.057 [main] DEBUG org.apache.poi.ooxml.POIXMLFactory - using default POIXMLDocumentPart for http://www.wps.cn/officeDocument/2023/relationships/customStorage
14:17:08.068 [main] DEBUG org.apache.poi.openxml4j.opc.PackageRelationshipCollection - Parsing relationship: /xl/_rels/workbook.xml.rels
14:17:08.069 [main] DEBUG org.apache.poi.openxml4j.opc.PackageRelationshipCollection - Parsing relationship: /xl/worksheets/_rels/sheet1.xml.rels
14:17:08.070 [main] DEBUG org.apache.poi.openxml4j.opc.PackageRelationshipCollection - Parsing relationship: /_rels/.rels
14:17:08.080 [main] DEBUG org.apache.poi.ooxml.POIXMLFactory - using default POIXMLDocumentPart for http://www.wps.cn/officeDocument/2023/relationships/customStorage
14:17:08.092 [main] DEBUG org.apache.poi.openxml4j.opc.PackageRelationshipCollection - Parsing relationship: /xl/_rels/workbook.xml.rels
14:17:08.093 [main] DEBUG org.apache.poi.openxml4j.opc.PackageRelationshipCollection - Parsing relationship: /xl/worksheets/_rels/sheet1.xml.rels
14:17:08.094 [main] DEBUG org.apache.poi.openxml4j.opc.PackageRelationshipCollection - Parsing relationship: /_rels/.rels
14:17:08.109 [main] DEBUG org.apache.poi.ooxml.POIXMLFactory - using default POIXMLDocumentPart for http://www.wps.cn/officeDocument/2023/relationships/customStorage
14:17:09.518 [main] INFO  testCases.TC0003_LoginWithExcelDataTest - ********Email*******ashitosh@gmail.com
14:17:09.518 [main] INFO  testCases.TC0003_LoginWithExcelDataTest - *********PWD******12345
14:17:09.573 [main] INFO  testCases.TC0003_LoginWithExcelDataTest - ******* Res :Valid
14:17:10.327 [main] INFO  testCases.TC0003_LoginWithExcelDataTest - TestCase Passed
14:17:21.678 [main] INFO  testCases.TC0003_LoginWithExcelDataTest - ********Email*******bob
14:17:21.678 [main] INFO  testCases.TC0003_LoginWithExcelDataTest - *********PWD******bobpwd
14:17:32.548 [main] INFO  testCases.TC0003_LoginWithExcelDataTest - ********Email*******ashitosh1@gmail.com
14:17:32.548 [main] INFO  testCases.TC0003_LoginWithExcelDataTest - *********PWD******12345
14:17:33.406 [main] INFO  testCases.TC0003_LoginWithExcelDataTest - ******* Res :Valid
14:17:34.333 [main] INFO  testCases.TC0003_LoginWithExcelDataTest - TestCase Passed
14:17:45.177 [main] INFO  testCases.TC0003_LoginWithExcelDataTest - ********Email*******ashitosh3@gmail.com
14:17:45.177 [main] INFO  testCases.TC0003_LoginWithExcelDataTest - *********PWD******12345
14:17:45.943 [main] INFO  testCases.TC0003_LoginWithExcelDataTest - ******* Res :Valid
14:17:46.712 [main] INFO  testCases.TC0003_LoginWithExcelDataTest - TestCase Passed
14:17:58.143 [main] INFO  testCases.TC0003_LoginWithExcelDataTest - ********Email*******eve
14:17:58.143 [main] INFO  testCases.TC0003_LoginWithExcelDataTest - *********PWD******eve!secure
