14:04:35.383 [main] DEBUG org.apache.poi.openxml4j.opc.PackageRelationshipCollection - Parsing relationship: /_rels/.rels
14:04:35.398 [main] DEBUG org.apache.poi.ooxml.POIXMLFactory - using default POIXMLDocumentPart for http://www.wps.cn/officeDocument/2023/relationships/customStorage
14:04:35.412 [main] DEBUG org.apache.poi.openxml4j.opc.PackageRelationshipCollection - Parsing relationship: /xl/_rels/workbook.xml.rels
14:04:35.414 [main] DEBUG org.apache.poi.openxml4j.opc.PackageRelationshipCollection - Parsing relationship: /xl/worksheets/_rels/sheet1.xml.rels
14:04:35.416 [main] DEBUG org.apache.poi.openxml4j.opc.PackageRelationshipCollection - Parsing relationship: /_rels/.rels
14:04:35.428 [main] DEBUG org.apache.poi.ooxml.POIXMLFactory - using default POIXMLDocumentPart for http://www.wps.cn/officeDocument/2023/relationships/customStorage
14:04:35.439 [main] DEBUG org.apache.poi.openxml4j.opc.PackageRelationshipCollection - Parsing relationship: /xl/_rels/workbook.xml.rels
14:04:35.442 [main] DEBUG org.apache.poi.openxml4j.opc.PackageRelationshipCollection - Parsing relationship: /xl/worksheets/_rels/sheet1.xml.rels
14:04:35.443 [main] DEBUG org.apache.poi.openxml4j.opc.PackageRelationshipCollection - Parsing relationship: /_rels/.rels
14:04:35.456 [main] DEBUG org.apache.poi.ooxml.POIXMLFactory - using default POIXMLDocumentPart for http://www.wps.cn/officeDocument/2023/relationships/customStorage
14:04:35.467 [main] DEBUG org.apache.poi.openxml4j.opc.PackageRelationshipCollection - Parsing relationship: /xl/_rels/workbook.xml.rels
14:04:35.468 [main] DEBUG org.apache.poi.openxml4j.opc.PackageRelationshipCollection - Parsing relationship: /xl/worksheets/_rels/sheet1.xml.rels
14:04:35.470 [main] DEBUG org.apache.poi.openxml4j.opc.PackageRelationshipCollection - Parsing relationship: /_rels/.rels
14:04:35.483 [main] DEBUG org.apache.poi.ooxml.POIXMLFactory - using default POIXMLDocumentPart for http://www.wps.cn/officeDocument/2023/relationships/customStorage
14:04:37.378 [main] INFO  testCases.TC0003_LoginWithExcelDataTest - ********Email*******ashitosh@gmail.com
14:04:37.379 [main] INFO  testCases.TC0003_LoginWithExcelDataTest - *********PWD******12345
14:04:37.434 [main] INFO  testCases.TC0003_LoginWithExcelDataTest - ******* Res :Valid
14:04:49.180 [main] INFO  testCases.TC0003_LoginWithExcelDataTest - ********Email*******bob
14:04:49.180 [main] INFO  testCases.TC0003_LoginWithExcelDataTest - *********PWD******bobpwd
14:05:00.418 [main] INFO  testCases.TC0003_LoginWithExcelDataTest - ********Email*******ashitosh1@gmail.com
14:05:00.419 [main] INFO  testCases.TC0003_LoginWithExcelDataTest - *********PWD******12345
14:05:01.207 [main] INFO  testCases.TC0003_LoginWithExcelDataTest - ******* Res :Valid
14:05:12.967 [main] INFO  testCases.TC0003_LoginWithExcelDataTest - ********Email*******ashitosh3@gmail.com
14:05:12.967 [main] INFO  testCases.TC0003_LoginWithExcelDataTest - *********PWD******12345
14:05:13.702 [main] INFO  testCases.TC0003_LoginWithExcelDataTest - ******* Res :Valid
14:05:25.350 [main] INFO  testCases.TC0003_LoginWithExcelDataTest - ********Email*******eve
14:05:25.350 [main] INFO  testCases.TC0003_LoginWithExcelDataTest - *********PWD******eve!secure
