22:03:52.557 [main] DEBUG org.apache.poi.openxml4j.opc.PackageRelationshipCollection - Parsing relationship: /_rels/.rels
22:03:52.583 [main] DEBUG org.apache.poi.ooxml.POIXMLFactory - using default POIXMLDocumentPart for http://www.wps.cn/officeDocument/2023/relationships/customStorage
22:03:52.601 [main] DEBUG org.apache.poi.openxml4j.opc.PackageRelationshipCollection - Parsing relationship: /xl/_rels/workbook.xml.rels
22:03:52.602 [main] DEBUG org.apache.poi.openxml4j.opc.PackageRelationshipCollection - Parsing relationship: /xl/worksheets/_rels/sheet1.xml.rels
22:03:52.605 [main] DEBUG org.apache.poi.openxml4j.opc.PackageRelationshipCollection - Parsing relationship: /_rels/.rels
22:03:52.622 [main] DEBUG org.apache.poi.ooxml.POIXMLFactory - using default POIXMLDocumentPart for http://www.wps.cn/officeDocument/2023/relationships/customStorage
22:03:52.642 [main] DEBUG org.apache.poi.openxml4j.opc.PackageRelationshipCollection - Parsing relationship: /xl/_rels/workbook.xml.rels
22:03:52.644 [main] DEBUG org.apache.poi.openxml4j.opc.PackageRelationshipCollection - Parsing relationship: /xl/worksheets/_rels/sheet1.xml.rels
22:03:52.645 [main] DEBUG org.apache.poi.openxml4j.opc.PackageRelationshipCollection - Parsing relationship: /_rels/.rels
22:03:52.660 [main] DEBUG org.apache.poi.ooxml.POIXMLFactory - using default POIXMLDocumentPart for http://www.wps.cn/officeDocument/2023/relationships/customStorage
22:03:52.676 [main] DEBUG org.apache.poi.openxml4j.opc.PackageRelationshipCollection - Parsing relationship: /xl/_rels/workbook.xml.rels
22:03:52.678 [main] DEBUG org.apache.poi.openxml4j.opc.PackageRelationshipCollection - Parsing relationship: /xl/worksheets/_rels/sheet1.xml.rels
22:03:52.679 [main] DEBUG org.apache.poi.openxml4j.opc.PackageRelationshipCollection - Parsing relationship: /_rels/.rels
22:03:52.695 [main] DEBUG org.apache.poi.ooxml.POIXMLFactory - using default POIXMLDocumentPart for http://www.wps.cn/officeDocument/2023/relationships/customStorage
22:03:54.419 [main] INFO  testCases.TC0003_LoginWithExcelDataTest - ********Email*******ashitosh@gmail.com
22:03:54.420 [main] INFO  testCases.TC0003_LoginWithExcelDataTest - *********PWD******12345
22:03:54.484 [main] INFO  testCases.TC0003_LoginWithExcelDataTest - ******* Res :Valid
22:04:06.617 [main] INFO  testCases.TC0003_LoginWithExcelDataTest - ********Email*******bob
22:04:06.619 [main] INFO  testCases.TC0003_LoginWithExcelDataTest - *********PWD******bobpwd
22:04:18.080 [main] INFO  testCases.TC0003_LoginWithExcelDataTest - ********Email*******ashitosh1@gmail.com
22:04:18.080 [main] INFO  testCases.TC0003_LoginWithExcelDataTest - *********PWD******12345
22:04:18.954 [main] INFO  testCases.TC0003_LoginWithExcelDataTest - ******* Res :Valid
22:04:32.220 [main] INFO  testCases.TC0003_LoginWithExcelDataTest - ********Email*******ashitosh3@gmail.com
22:04:32.220 [main] INFO  testCases.TC0003_LoginWithExcelDataTest - *********PWD******12345
22:04:32.285 [main] INFO  testCases.TC0003_LoginWithExcelDataTest - ******* Res :Valid
22:04:44.593 [main] INFO  testCases.TC0003_LoginWithExcelDataTest - ********Email*******eve
22:04:44.593 [main] INFO  testCases.TC0003_LoginWithExcelDataTest - *********PWD******eve!secure
