21:36:27.972 [main] DEBUG org.apache.poi.openxml4j.opc.PackageRelationshipCollection - Parsing relationship: /_rels/.rels
21:36:27.996 [main] DEBUG org.apache.poi.ooxml.POIXMLFactory - using default POIXMLDocumentPart for http://www.wps.cn/officeDocument/2023/relationships/customStorage
21:36:28.014 [main] DEBUG org.apache.poi.openxml4j.opc.PackageRelationshipCollection - Parsing relationship: /xl/_rels/workbook.xml.rels
21:36:28.016 [main] DEBUG org.apache.poi.openxml4j.opc.PackageRelationshipCollection - Parsing relationship: /xl/worksheets/_rels/sheet1.xml.rels
21:36:28.018 [main] DEBUG org.apache.poi.openxml4j.opc.PackageRelationshipCollection - Parsing relationship: /_rels/.rels
21:36:28.037 [main] DEBUG org.apache.poi.ooxml.POIXMLFactory - using default POIXMLDocumentPart for http://www.wps.cn/officeDocument/2023/relationships/customStorage
21:36:28.057 [main] DEBUG org.apache.poi.openxml4j.opc.PackageRelationshipCollection - Parsing relationship: /xl/_rels/workbook.xml.rels
21:36:28.058 [main] DEBUG org.apache.poi.openxml4j.opc.PackageRelationshipCollection - Parsing relationship: /xl/worksheets/_rels/sheet1.xml.rels
21:36:28.060 [main] DEBUG org.apache.poi.openxml4j.opc.PackageRelationshipCollection - Parsing relationship: /_rels/.rels
21:36:28.078 [main] DEBUG org.apache.poi.ooxml.POIXMLFactory - using default POIXMLDocumentPart for http://www.wps.cn/officeDocument/2023/relationships/customStorage
21:36:28.101 [main] DEBUG org.apache.poi.openxml4j.opc.PackageRelationshipCollection - Parsing relationship: /xl/_rels/workbook.xml.rels
21:36:28.105 [main] DEBUG org.apache.poi.openxml4j.opc.PackageRelationshipCollection - Parsing relationship: /xl/worksheets/_rels/sheet1.xml.rels
21:36:28.108 [main] DEBUG org.apache.poi.openxml4j.opc.PackageRelationshipCollection - Parsing relationship: /_rels/.rels
21:36:28.128 [main] DEBUG org.apache.poi.ooxml.POIXMLFactory - using default POIXMLDocumentPart for http://www.wps.cn/officeDocument/2023/relationships/customStorage
21:36:29.285 [main] INFO  testCases.TC0003_LoginWithExcelDataTest - ********Email*******ashitosh@gmail.com
21:36:29.286 [main] INFO  testCases.TC0003_LoginWithExcelDataTest - *********PWD******12345
21:36:29.288 [main] INFO  testCases.TC0003_LoginWithExcelDataTest - ******* Res :Valid
21:36:42.265 [main] INFO  testCases.TC0003_LoginWithExcelDataTest - ********Email*******bob
21:36:42.266 [main] INFO  testCases.TC0003_LoginWithExcelDataTest - *********PWD******bobpwd
21:36:44.444 [main] INFO  testCases.TC0003_LoginWithExcelDataTest - ********Email*******ashitosh1@gmail.com
21:36:44.445 [main] INFO  testCases.TC0003_LoginWithExcelDataTest - *********PWD******12345
21:36:44.446 [main] INFO  testCases.TC0003_LoginWithExcelDataTest - ******* Res :Valid
21:36:57.642 [main] INFO  testCases.TC0003_LoginWithExcelDataTest - ********Email*******ashitosh3@gmail.com
21:36:57.642 [main] INFO  testCases.TC0003_LoginWithExcelDataTest - *********PWD******12345
21:36:57.644 [main] INFO  testCases.TC0003_LoginWithExcelDataTest - ******* Res :Valid
21:37:10.566 [main] INFO  testCases.TC0003_LoginWithExcelDataTest - ********Email*******eve
21:37:10.568 [main] INFO  testCases.TC0003_LoginWithExcelDataTest - *********PWD******eve!secure
