21:33:30.971 [main] DEBUG org.apache.poi.ooxml.POIXMLFactory - using default POIXMLDocumentPart for http://www.wps.cn/officeDocument/2023/relationships/customStorage
21:33:30.988 [main] DEBUG org.apache.poi.openxml4j.opc.PackageRelationshipCollection - Parsing relationship: /xl/_rels/workbook.xml.rels
21:33:30.991 [main] DEBUG org.apache.poi.openxml4j.opc.PackageRelationshipCollection - Parsing relationship: /xl/worksheets/_rels/sheet1.xml.rels
21:33:30.992 [main] DEBUG org.apache.poi.openxml4j.opc.PackageRelationshipCollection - Parsing relationship: /_rels/.rels
21:33:31.015 [main] DEBUG org.apache.poi.ooxml.POIXMLFactory - using default POIXMLDocumentPart for http://www.wps.cn/officeDocument/2023/relationships/customStorage
21:33:31.032 [main] DEBUG org.apache.poi.openxml4j.opc.PackageRelationshipCollection - Parsing relationship: /xl/_rels/workbook.xml.rels
21:33:31.034 [main] DEBUG org.apache.poi.openxml4j.opc.PackageRelationshipCollection - Parsing relationship: /xl/worksheets/_rels/sheet1.xml.rels
21:33:31.036 [main] DEBUG org.apache.poi.openxml4j.opc.PackageRelationshipCollection - Parsing relationship: /_rels/.rels
21:33:31.054 [main] DEBUG org.apache.poi.ooxml.POIXMLFactory - using default POIXMLDocumentPart for http://www.wps.cn/officeDocument/2023/relationships/customStorage
21:33:31.072 [main] DEBUG org.apache.poi.openxml4j.opc.PackageRelationshipCollection - Parsing relationship: /xl/_rels/workbook.xml.rels
21:33:31.075 [main] DEBUG org.apache.poi.openxml4j.opc.PackageRelationshipCollection - Parsing relationship: /xl/worksheets/_rels/sheet1.xml.rels
21:33:31.075 [main] DEBUG org.apache.poi.openxml4j.opc.PackageRelationshipCollection - Parsing relationship: /_rels/.rels
21:33:31.092 [main] DEBUG org.apache.poi.ooxml.POIXMLFactory - using default POIXMLDocumentPart for http://www.wps.cn/officeDocument/2023/relationships/customStorage
21:33:32.129 [main] INFO  testCases.TC0003_LoginWithExcelDataTest - ********Email*******ashtiosh@gmail.com
21:33:32.130 [main] INFO  testCases.TC0003_LoginWithExcelDataTest - *********PWD******12345
21:33:32.132 [main] INFO  testCases.TC0003_LoginWithExcelDataTest - ******* Res :Valid
21:33:44.128 [main] INFO  testCases.TC0003_LoginWithExcelDataTest - ********Email*******bob
21:33:44.129 [main] INFO  testCases.TC0003_LoginWithExcelDataTest - *********PWD******bobpwd
21:33:45.714 [main] INFO  testCases.TC0003_LoginWithExcelDataTest - ********Email*******ashtiosh1@gmail.com
21:33:45.714 [main] INFO  testCases.TC0003_LoginWithExcelDataTest - *********PWD******12345
21:33:45.715 [main] INFO  testCases.TC0003_LoginWithExcelDataTest - ******* Res :Valid
21:33:56.599 [main] INFO  testCases.TC0003_LoginWithExcelDataTest - ********Email*******ashtiosh3@gmail.com
21:33:56.600 [main] INFO  testCases.TC0003_LoginWithExcelDataTest - *********PWD******12345
21:33:56.600 [main] INFO  testCases.TC0003_LoginWithExcelDataTest - ******* Res :Valid
21:34:08.207 [main] INFO  testCases.TC0003_LoginWithExcelDataTest - ********Email*******eve
21:34:08.209 [main] INFO  testCases.TC0003_LoginWithExcelDataTest - *********PWD******eve!secure
