14:13:59.653 [main] DEBUG org.apache.poi.openxml4j.opc.PackageRelationshipCollection - Parsing relationship: /_rels/.rels
14:13:59.705 [main] DEBUG org.apache.poi.ooxml.POIXMLFactory - using default POIXMLDocumentPart for http://www.wps.cn/officeDocument/2023/relationships/customStorage
14:13:59.741 [main] DEBUG org.apache.poi.openxml4j.opc.PackageRelationshipCollection - Parsing relationship: /xl/_rels/workbook.xml.rels
14:13:59.744 [main] DEBUG org.apache.poi.openxml4j.opc.PackageRelationshipCollection - Parsing relationship: /xl/worksheets/_rels/sheet1.xml.rels
14:13:59.747 [main] DEBUG org.apache.poi.openxml4j.opc.PackageRelationshipCollection - Parsing relationship: /_rels/.rels
14:13:59.768 [main] DEBUG org.apache.poi.ooxml.POIXMLFactory - using default POIXMLDocumentPart for http://www.wps.cn/officeDocument/2023/relationships/customStorage
14:13:59.787 [main] DEBUG org.apache.poi.openxml4j.opc.PackageRelationshipCollection - Parsing relationship: /xl/_rels/workbook.xml.rels
14:13:59.789 [main] DEBUG org.apache.poi.openxml4j.opc.PackageRelationshipCollection - Parsing relationship: /xl/worksheets/_rels/sheet1.xml.rels
14:13:59.791 [main] DEBUG org.apache.poi.openxml4j.opc.PackageRelationshipCollection - Parsing relationship: /_rels/.rels
14:13:59.820 [main] DEBUG org.apache.poi.ooxml.POIXMLFactory - using default POIXMLDocumentPart for http://www.wps.cn/officeDocument/2023/relationships/customStorage
14:13:59.842 [main] DEBUG org.apache.poi.openxml4j.opc.PackageRelationshipCollection - Parsing relationship: /xl/_rels/workbook.xml.rels
14:13:59.846 [main] DEBUG org.apache.poi.openxml4j.opc.PackageRelationshipCollection - Parsing relationship: /xl/worksheets/_rels/sheet1.xml.rels
14:13:59.848 [main] DEBUG org.apache.poi.openxml4j.opc.PackageRelationshipCollection - Parsing relationship: /_rels/.rels
14:13:59.872 [main] DEBUG org.apache.poi.ooxml.POIXMLFactory - using default POIXMLDocumentPart for http://www.wps.cn/officeDocument/2023/relationships/customStorage
14:14:01.969 [main] INFO  testCases.TC0003_LoginWithExcelDataTest - ********Email*******ashitosh@gmail.com
14:14:01.971 [main] INFO  testCases.TC0003_LoginWithExcelDataTest - *********PWD******12345
14:14:02.020 [main] INFO  testCases.TC0003_LoginWithExcelDataTest - ******* Res :Valid
14:14:02.939 [main] INFO  testCases.TC0003_LoginWithExcelDataTest - TestCase Passed
14:14:02.943 [main] INFO  testCases.TC0003_LoginWithExcelDataTest - ********testcase failed*****
14:14:13.793 [main] INFO  testCases.TC0003_LoginWithExcelDataTest - ********Email*******bob
14:14:13.794 [main] INFO  testCases.TC0003_LoginWithExcelDataTest - *********PWD******bobpwd
14:14:25.970 [main] INFO  testCases.TC0003_LoginWithExcelDataTest - ********Email*******ashitosh1@gmail.com
14:14:25.971 [main] INFO  testCases.TC0003_LoginWithExcelDataTest - *********PWD******12345
14:14:26.009 [main] INFO  testCases.TC0003_LoginWithExcelDataTest - ******* Res :Valid
14:14:26.813 [main] INFO  testCases.TC0003_LoginWithExcelDataTest - TestCase Passed
14:14:26.814 [main] INFO  testCases.TC0003_LoginWithExcelDataTest - ********testcase failed*****
14:14:37.630 [main] INFO  testCases.TC0003_LoginWithExcelDataTest - ********Email*******ashitosh3@gmail.com
14:14:37.630 [main] INFO  testCases.TC0003_LoginWithExcelDataTest - *********PWD******12345
14:14:38.436 [main] INFO  testCases.TC0003_LoginWithExcelDataTest - ******* Res :Valid
14:14:39.207 [main] INFO  testCases.TC0003_LoginWithExcelDataTest - TestCase Passed
14:14:39.208 [main] INFO  testCases.TC0003_LoginWithExcelDataTest - ********testcase failed*****
14:14:49.997 [main] INFO  testCases.TC0003_LoginWithExcelDataTest - ********Email*******eve
14:14:49.998 [main] INFO  testCases.TC0003_LoginWithExcelDataTest - *********PWD******eve!secure
