20:24:20.418 [main] DEBUG org.apache.poi.ooxml.POIXMLFactory - using default POIXMLDocumentPart for http://www.wps.cn/officeDocument/2023/relationships/customStorage
20:24:20.441 [main] DEBUG org.apache.poi.openxml4j.opc.PackageRelationshipCollection - Parsing relationship: /xl/_rels/workbook.xml.rels
20:24:20.444 [main] DEBUG org.apache.poi.openxml4j.opc.PackageRelationshipCollection - Parsing relationship: /xl/worksheets/_rels/sheet1.xml.rels
20:24:20.445 [main] DEBUG org.apache.poi.openxml4j.opc.PackageRelationshipCollection - Parsing relationship: /_rels/.rels
20:24:20.465 [main] DEBUG org.apache.poi.ooxml.POIXMLFactory - using default POIXMLDocumentPart for http://www.wps.cn/officeDocument/2023/relationships/customStorage
20:24:20.481 [main] DEBUG org.apache.poi.openxml4j.opc.PackageRelationshipCollection - Parsing relationship: /xl/_rels/workbook.xml.rels
20:24:20.483 [main] DEBUG org.apache.poi.openxml4j.opc.PackageRelationshipCollection - Parsing relationship: /xl/worksheets/_rels/sheet1.xml.rels
20:24:20.485 [main] DEBUG org.apache.poi.openxml4j.opc.PackageRelationshipCollection - Parsing relationship: /_rels/.rels
20:24:20.505 [main] DEBUG org.apache.poi.ooxml.POIXMLFactory - using default POIXMLDocumentPart for http://www.wps.cn/officeDocument/2023/relationships/customStorage
20:24:20.523 [main] DEBUG org.apache.poi.openxml4j.opc.PackageRelationshipCollection - Parsing relationship: /xl/_rels/workbook.xml.rels
20:24:20.525 [main] DEBUG org.apache.poi.openxml4j.opc.PackageRelationshipCollection - Parsing relationship: /xl/worksheets/_rels/sheet1.xml.rels
20:24:20.527 [main] DEBUG org.apache.poi.openxml4j.opc.PackageRelationshipCollection - Parsing relationship: /_rels/.rels
20:24:20.546 [main] DEBUG org.apache.poi.ooxml.POIXMLFactory - using default POIXMLDocumentPart for http://www.wps.cn/officeDocument/2023/relationships/customStorage
20:24:21.549 [main] INFO  testCases.TC0003_LoginWithExcelDataTest - ********Email*******ashtiosh@gmail.com
20:24:21.549 [main] INFO  testCases.TC0003_LoginWithExcelDataTest - *********PWD******12345
20:24:21.552 [main] INFO  testCases.TC0003_LoginWithExcelDataTest - ******* Res :Valid
20:24:34.137 [main] INFO  testCases.TC0003_LoginWithExcelDataTest - ********Email*******ashtiosh1@gmail.com
20:24:34.137 [main] INFO  testCases.TC0003_LoginWithExcelDataTest - *********PWD******12345
20:24:34.138 [main] INFO  testCases.TC0003_LoginWithExcelDataTest - ******* Res :Valid
20:24:45.940 [main] INFO  testCases.TC0003_LoginWithExcelDataTest - ********Email*******ashtiosh3@gmail.com
20:24:45.941 [main] INFO  testCases.TC0003_LoginWithExcelDataTest - *********PWD******12345
20:24:45.941 [main] INFO  testCases.TC0003_LoginWithExcelDataTest - ******* Res :Valid
20:24:56.942 [main] INFO  testCases.TC0003_LoginWithExcelDataTest - ********Email*******eve
20:24:56.942 [main] INFO  testCases.TC0003_LoginWithExcelDataTest - *********PWD******eve!secure
