15:55:57.827 [main] DEBUG org.apache.poi.openxml4j.opc.PackageRelationshipCollection - Parsing relationship: /_rels/.rels
15:55:57.839 [main] DEBUG org.apache.poi.ooxml.POIXMLFactory - using default POIXMLDocumentPart for http://www.wps.cn/officeDocument/2023/relationships/customStorage
15:55:57.855 [main] DEBUG org.apache.poi.openxml4j.opc.PackageRelationshipCollection - Parsing relationship: /xl/_rels/workbook.xml.rels
15:55:57.856 [main] DEBUG org.apache.poi.openxml4j.opc.PackageRelationshipCollection - Parsing relationship: /xl/worksheets/_rels/sheet1.xml.rels
15:55:57.857 [main] DEBUG org.apache.poi.openxml4j.opc.PackageRelationshipCollection - Parsing relationship: /_rels/.rels
15:55:57.867 [main] DEBUG org.apache.poi.ooxml.POIXMLFactory - using default POIXMLDocumentPart for http://www.wps.cn/officeDocument/2023/relationships/customStorage
15:55:57.893 [main] DEBUG org.apache.poi.openxml4j.opc.PackageRelationshipCollection - Parsing relationship: /xl/_rels/workbook.xml.rels
15:55:57.895 [main] DEBUG org.apache.poi.openxml4j.opc.PackageRelationshipCollection - Parsing relationship: /xl/worksheets/_rels/sheet1.xml.rels
15:55:57.896 [main] DEBUG org.apache.poi.openxml4j.opc.PackageRelationshipCollection - Parsing relationship: /_rels/.rels
15:55:57.910 [main] DEBUG org.apache.poi.ooxml.POIXMLFactory - using default POIXMLDocumentPart for http://www.wps.cn/officeDocument/2023/relationships/customStorage
15:55:57.929 [main] DEBUG org.apache.poi.openxml4j.opc.PackageRelationshipCollection - Parsing relationship: /xl/_rels/workbook.xml.rels
15:55:57.931 [main] DEBUG org.apache.poi.openxml4j.opc.PackageRelationshipCollection - Parsing relationship: /xl/worksheets/_rels/sheet1.xml.rels
15:55:57.933 [main] DEBUG org.apache.poi.openxml4j.opc.PackageRelationshipCollection - Parsing relationship: /_rels/.rels
15:55:57.951 [main] DEBUG org.apache.poi.ooxml.POIXMLFactory - using default POIXMLDocumentPart for http://www.wps.cn/officeDocument/2023/relationships/customStorage
15:55:57.972 [main] DEBUG org.apache.poi.openxml4j.opc.PackageRelationshipCollection - Parsing relationship: /xl/_rels/workbook.xml.rels
15:55:57.974 [main] DEBUG org.apache.poi.openxml4j.opc.PackageRelationshipCollection - Parsing relationship: /xl/worksheets/_rels/sheet1.xml.rels
15:55:57.975 [main] DEBUG org.apache.poi.openxml4j.opc.PackageRelationshipCollection - Parsing relationship: /_rels/.rels
15:55:57.997 [main] DEBUG org.apache.poi.ooxml.POIXMLFactory - using default POIXMLDocumentPart for http://www.wps.cn/officeDocument/2023/relationships/customStorage
15:55:58.019 [main] DEBUG org.apache.poi.openxml4j.opc.PackageRelationshipCollection - Parsing relationship: /xl/_rels/workbook.xml.rels
15:55:58.021 [main] DEBUG org.apache.poi.openxml4j.opc.PackageRelationshipCollection - Parsing relationship: /xl/worksheets/_rels/sheet1.xml.rels
15:55:58.022 [main] DEBUG org.apache.poi.openxml4j.opc.PackageRelationshipCollection - Parsing relationship: /_rels/.rels
15:55:58.034 [main] DEBUG org.apache.poi.ooxml.POIXMLFactory - using default POIXMLDocumentPart for http://www.wps.cn/officeDocument/2023/relationships/customStorage
15:55:58.814 [main] INFO  testCases.TC0003_LoginWithExcelDataTest - ********Email*******ashitosh@gmail.com
15:55:58.814 [main] INFO  testCases.TC0003_LoginWithExcelDataTest - *********PWD******12345
15:55:59.722 [main] INFO  testCases.TC0003_LoginWithExcelDataTest - ******* Res :Valid
15:56:00.662 [main] INFO  testCases.TC0003_LoginWithExcelDataTest - TestCase Passed
15:56:21.721 [main] INFO  testCases.TC0003_LoginWithExcelDataTest - ********Email*******ashitosh1@gmail.com
15:56:21.721 [main] INFO  testCases.TC0003_LoginWithExcelDataTest - *********PWD******12345
15:56:22.613 [main] INFO  testCases.TC0003_LoginWithExcelDataTest - ******* Res :Valid
15:56:23.540 [main] INFO  testCases.TC0003_LoginWithExcelDataTest - TestCase Passed
15:56:44.674 [main] INFO  testCases.TC0003_LoginWithExcelDataTest - ********Email*******ashitosh3@gmail.com
15:56:44.674 [main] INFO  testCases.TC0003_LoginWithExcelDataTest - *********PWD******12345
15:56:45.959 [main] INFO  testCases.TC0003_LoginWithExcelDataTest - ******* Res :Valid
15:56:47.401 [main] INFO  testCases.TC0003_LoginWithExcelDataTest - TestCase Passed
